[16:25:45] [Server thread/INFO]: Starting minecraft server version 1.13.2
[16:25:45] [Server thread/INFO]: Loading properties
[16:25:45] [Server thread/INFO]: Default game type: SURVIVAL
[16:25:45] [Server thread/INFO]: This server is running Paper version git-Paper-472 (MC: 1.13.2) (Implementing API version 1.13.2-R0.1-SNAPSHOT)
[16:25:45] [Server thread/INFO]: Debug logging is disabled
[16:25:45] [Server thread/INFO]: Server Ping Player Sample Count: 12
[16:25:45] [Server thread/INFO]: Using 4 threads for Netty based IO
[16:25:45] [Server thread/INFO]: Generating keypair
[16:25:46] [Server thread/INFO]: Starting Minecraft server on *:25565
[16:25:46] [Server thread/INFO]: Using default channel type
[16:25:53] [Server thread/INFO]: Server permissions file permissions.yml is empty, ignoring it
[16:25:53] [Server thread/WARN]: **** SERVER IS RUNNING IN OFFLINE/INSECURE MODE!
[16:25:53] [Server thread/WARN]: The server will make no attempt to authenticate usernames. Beware.
[16:25:53] [Server thread/WARN]: While this makes the game possible to play without internet access, it also opens up the ability for hackers to connect with any username they choose.
[16:25:53] [Server thread/WARN]: To change this, set "online-mode" to "true" in the server.properties file.
[16:25:53] [Server thread/INFO]: **** Beginning UUID conversion, this may take A LONG time ****
[16:25:53] [Server thread/INFO]: Preparing level "world"
[16:25:53] [Server thread/INFO]: Reloading ResourceManager: Default, bukkit
[16:25:56] [Server thread/INFO]: Loaded 524 recipes
[16:25:57] [Server thread/INFO]: -------- World Settings For [world] --------
[16:25:57] [Server thread/INFO]: Experience Merge Radius: 3.0
[16:25:57] [Server thread/INFO]: Arrow Despawn Rate: 1200
[16:25:57] [Server thread/INFO]: Item Despawn Rate: 6000
[16:25:57] [Server thread/INFO]: Item Merge Radius: 2.5
[16:25:57] [Server thread/INFO]: View Distance: 10
[16:25:57] [Server thread/INFO]: Allow Zombie Pigmen to spawn from portal blocks: true
[16:25:57] [Server thread/INFO]: Zombie Aggressive Towards Villager: true
[16:25:57] [Server thread/INFO]: Nerfing mobs spawned from spawners: false
[16:25:57] [Server thread/INFO]: Random Lighting Updates: false
[16:25:57] [Server thread/INFO]: Custom Map Seeds:  Village: 10387312 Desert: 14357617 Igloo: 14357618 Jungle: 14357619 Swamp: 14357620 Monument: 10387313Ocean: 14357621 Shipwreck: 165745295 Slime: 987234911
[16:25:57] [Server thread/INFO]: Entity Tracking Range: Pl 48 / An 48 / Mo 48 / Mi 32 / Other 64
[16:25:57] [Server thread/INFO]: Cactus Growth Modifier: 100%
[16:25:57] [Server thread/INFO]: Cane Growth Modifier: 100%
[16:25:57] [Server thread/INFO]: Melon Growth Modifier: 100%
[16:25:57] [Server thread/INFO]: Mushroom Growth Modifier: 100%
[16:25:57] [Server thread/INFO]: Pumpkin Growth Modifier: 100%
[16:25:57] [Server thread/INFO]: Sapling Growth Modifier: 100%
[16:25:57] [Server thread/INFO]: Wheat Growth Modifier: 100%
[16:25:57] [Server thread/INFO]: NetherWart Growth Modifier: 100%
[16:25:57] [Server thread/INFO]: Vine Growth Modifier: 100%
[16:25:57] [Server thread/INFO]: Cocoa Growth Modifier: 100%
[16:25:57] [Server thread/INFO]: Mob Spawn Range: 8
[16:25:57] [Server thread/INFO]: Hopper Transfer: 8 Hopper Check: 1 Hopper Amount: 1
[16:25:57] [Server thread/INFO]: Entity Activation Range: An 32 / Mo 32 / Mi 16 / Tiv true
[16:25:57] [Server thread/INFO]: Max TNT Explosions: 100
[16:25:57] [Server thread/INFO]: Tile Max Tick Time: 50ms Entity max Tick Time: 50ms
[16:25:58] [Server thread/INFO]: -------- World Settings For [world_nether] --------
[16:25:58] [Server thread/INFO]: Experience Merge Radius: 3.0
[16:25:58] [Server thread/INFO]: Arrow Despawn Rate: 1200
[16:25:58] [Server thread/INFO]: Item Despawn Rate: 6000
[16:25:58] [Server thread/INFO]: Item Merge Radius: 2.5
[16:25:58] [Server thread/INFO]: View Distance: 10
[16:25:58] [Server thread/INFO]: Allow Zombie Pigmen to spawn from portal blocks: true
[16:25:58] [Server thread/INFO]: Zombie Aggressive Towards Villager: true
[16:25:58] [Server thread/INFO]: Nerfing mobs spawned from spawners: false
[16:25:58] [Server thread/INFO]: Random Lighting Updates: false
[16:25:58] [Server thread/INFO]: Custom Map Seeds:  Village: 10387312 Desert: 14357617 Igloo: 14357618 Jungle: 14357619 Swamp: 14357620 Monument: 10387313Ocean: 14357621 Shipwreck: 165745295 Slime: 987234911
[16:25:58] [Server thread/INFO]: Entity Tracking Range: Pl 48 / An 48 / Mo 48 / Mi 32 / Other 64
[16:25:58] [Server thread/INFO]: Cactus Growth Modifier: 100%
[16:25:58] [Server thread/INFO]: Cane Growth Modifier: 100%
[16:25:58] [Server thread/INFO]: Melon Growth Modifier: 100%
[16:25:58] [Server thread/INFO]: Mushroom Growth Modifier: 100%
[16:25:58] [Server thread/INFO]: Pumpkin Growth Modifier: 100%
[16:25:58] [Server thread/INFO]: Sapling Growth Modifier: 100%
[16:25:58] [Server thread/INFO]: Wheat Growth Modifier: 100%
[16:25:58] [Server thread/INFO]: NetherWart Growth Modifier: 100%
[16:25:58] [Server thread/INFO]: Vine Growth Modifier: 100%
[16:25:58] [Server thread/INFO]: Cocoa Growth Modifier: 100%
[16:25:58] [Server thread/INFO]: Mob Spawn Range: 8
[16:25:58] [Server thread/INFO]: Hopper Transfer: 8 Hopper Check: 1 Hopper Amount: 1
[16:25:58] [Server thread/INFO]: Entity Activation Range: An 32 / Mo 32 / Mi 16 / Tiv true
[16:25:58] [Server thread/INFO]: Max TNT Explosions: 100
[16:25:58] [Server thread/INFO]: Tile Max Tick Time: 50ms Entity max Tick Time: 50ms
[16:25:58] [Server thread/INFO]: -------- World Settings For [world_the_end] --------
[16:25:58] [Server thread/INFO]: Experience Merge Radius: 3.0
[16:25:58] [Server thread/INFO]: Arrow Despawn Rate: 1200
[16:25:58] [Server thread/INFO]: Item Despawn Rate: 6000
[16:25:58] [Server thread/INFO]: Item Merge Radius: 2.5
[16:25:58] [Server thread/INFO]: View Distance: 10
[16:25:58] [Server thread/INFO]: Allow Zombie Pigmen to spawn from portal blocks: true
[16:25:58] [Server thread/INFO]: Zombie Aggressive Towards Villager: true
[16:25:58] [Server thread/INFO]: Nerfing mobs spawned from spawners: false
[16:25:58] [Server thread/INFO]: Random Lighting Updates: false
[16:25:58] [Server thread/INFO]: Custom Map Seeds:  Village: 10387312 Desert: 14357617 Igloo: 14357618 Jungle: 14357619 Swamp: 14357620 Monument: 10387313Ocean: 14357621 Shipwreck: 165745295 Slime: 987234911
[16:25:58] [Server thread/INFO]: Entity Tracking Range: Pl 48 / An 48 / Mo 48 / Mi 32 / Other 64
[16:25:58] [Server thread/INFO]: Cactus Growth Modifier: 100%
[16:25:58] [Server thread/INFO]: Cane Growth Modifier: 100%
[16:25:58] [Server thread/INFO]: Melon Growth Modifier: 100%
[16:25:58] [Server thread/INFO]: Mushroom Growth Modifier: 100%
[16:25:58] [Server thread/INFO]: Pumpkin Growth Modifier: 100%
[16:25:58] [Server thread/INFO]: Sapling Growth Modifier: 100%
[16:25:58] [Server thread/INFO]: Wheat Growth Modifier: 100%
[16:25:58] [Server thread/INFO]: NetherWart Growth Modifier: 100%
[16:25:58] [Server thread/INFO]: Vine Growth Modifier: 100%
[16:25:58] [Server thread/INFO]: Cocoa Growth Modifier: 100%
[16:25:58] [Server thread/INFO]: Mob Spawn Range: 8
[16:25:58] [Server thread/INFO]: Hopper Transfer: 8 Hopper Check: 1 Hopper Amount: 1
[16:25:58] [Server thread/INFO]: Entity Activation Range: An 32 / Mo 32 / Mi 16 / Tiv true
[16:25:58] [Server thread/INFO]: Max TNT Explosions: 100
[16:25:58] [Server thread/INFO]: Tile Max Tick Time: 50ms Entity max Tick Time: 50ms
[16:25:58] [Server thread/INFO]: Preparing start region for level minecraft:overworld (Seed: -4609452032918562094)
[16:25:58] [Server thread/INFO]: Preparing start region for level minecraft:the_nether (Seed: -4609452032918562094)
[16:25:58] [Server thread/INFO]: Preparing start region for level minecraft:the_end (Seed: -4609452032918562094)
[16:25:58] [Server thread/INFO]: Time elapsed: 39 ms
[16:25:58] [Server thread/INFO]: Done (4.981s)! For help, type "help"
[16:25:58] [Server thread/INFO]: Timings Reset
